{"level":"info","message":"LOGS DE DEMOSTRAÇÃO","service":"user-service","timestamp":"2024-07-30 11:22:44"}
{"level":"error","message":"o usúario 66a7905adc37cf56895744a4 dianNovais está tentando apagar um produto sem fornecer um _id","service":"user-service","timestamp":"2024-07-30 11:22:43"}
{"level":"info","message":"o usúario 66a7905adc37cf56895744a4 dianNovais REQUISITOU todos produtos","service":"user-service","timestamp":"2024-07-30 13:45:39"}
{"level":"info","message":"o usúario 66a7905adc37cf56895744a4 dianNovais REQUISITOU todos produtos","service":"user-service","timestamp":"2024-08-15 14:56:15"}
{"level":"info","message":"o user 66a7905adc37cf56895744a4 dianNovais requisitou todos produtos do carrinho","service":"user-service","timestamp":"2024-08-15 14:56:48"}
{"level":"info","message":"o user 66a7905adc37cf56895744a4 dianNovais requisitou todos produtos do carrinho","service":"user-service","timestamp":"2024-08-15 15:22:00"}
{"level":"info","message":"o user 66a7905adc37cf56895744a4 dianNovais requisitou todos produtos do carrinho","service":"user-service","timestamp":"2024-08-15 15:22:57"}
{"level":"info","message":"o user 66a7905adc37cf56895744a4 dianNovais requisitou todos produtos do carrinho","service":"user-service","timestamp":"2024-08-15 15:23:40"}
{"level":"info","message":"o user 66a7905adc37cf56895744a4 dianNovais requisitou todos produtos do carrinho","service":"user-service","timestamp":"2024-08-15 15:24:49"}
{"level":"info","message":"o user 66a7905adc37cf56895744a4 dianNovais requisitou todos produtos do carrinho","service":"user-service","timestamp":"2024-08-15 15:36:02"}
{"level":"info","message":"o user 66a7905adc37cf56895744a4 dianNovais requisitou todos produtos do carrinho","service":"user-service","timestamp":"2024-08-15 15:39:21"}
{"level":"info","message":"o user 66a7905adc37cf56895744a4 dianNovais requisitou todos produtos do carrinho","service":"user-service","timestamp":"2024-08-15 15:40:36"}
{"level":"info","message":"o user 66a7905adc37cf56895744a4 dianNovais requisitou todos produtos do carrinho","service":"user-service","timestamp":"2024-08-15 15:41:20"}
{"level":"info","message":"o user 66a7905adc37cf56895744a4 dianNovais requisitou todos produtos do carrinho","service":"user-service","timestamp":"2024-08-15 15:44:10"}
{"level":"info","message":"o user 66a7905adc37cf56895744a4 dianNovais requisitou todos produtos do carrinho","service":"user-service","timestamp":"2024-08-15 15:44:31"}
{"level":"info","message":"o user 66a7905adc37cf56895744a4 dianNovais requisitou todos produtos do carrinho","service":"user-service","timestamp":"2024-08-15 15:51:57"}
{"level":"info","message":"o user 66a7905adc37cf56895744a4 dianNovais ADICIONOU PRODUTOS","service":"user-service","timestamp":"2024-08-15 15:54:12"}
{"level":"info","message":"o user 66a7905adc37cf56895744a4 dianNovais ADICIONOU PRODUTOS","service":"user-service","timestamp":"2024-08-15 15:54:20"}
{"level":"info","message":"o user 66a7905adc37cf56895744a4 dianNovais requisitou todos produtos do carrinho","service":"user-service","timestamp":"2024-08-15 15:54:28"}
{"level":"info","message":"o user 66a7905adc37cf56895744a4 dianNovais ADICIONOU PRODUTOS","service":"user-service","timestamp":"2024-08-15 15:56:08"}
{"level":"info","message":"o user 66a7905adc37cf56895744a4 dianNovais requisitou todos produtos do carrinho","service":"user-service","timestamp":"2024-08-15 15:56:18"}
{"level":"info","message":"o user 66a7905adc37cf56895744a4 dianNovais requisitou todos produtos do carrinho","service":"user-service","timestamp":"2024-08-15 16:12:36"}
