{"level":"info","message":"o usúario 66a7905adc37cf56895744a4 dianNovais REQUISITOU todos produtos","service":"user-service","timestamp":"2024-07-30 13:45:39"}
{"level":"error","message":"o usúario 66a7905adc37cf56895744a4 dianNovais está tentando DELETAR um produto sem fornecer um _id","service":"user-service","timestamp":"2024-07-30 13:45:46"}
{"level":"info","message":"o usúario 66a7905adc37cf56895744a4 dianNovais CRIOU o produto bandeja 20x20x6","service":"user-service","timestamp":"2024-07-30 13:47:30"}
{"level":"info","message":"o usúario 66a7905adc37cf56895744a4 dianNovais REQUISITOU todos produtos","service":"user-service","timestamp":"2024-07-30 13:49:32"}
{"level":"info","message":"o usúario 66a7905adc37cf56895744a4 dianNovais DELETOU o produto bandeja 20x20x6","service":"user-service","timestamp":"2024-07-30 13:55:58"}
{"level":"info","message":"o usúario 66a7905adc37cf56895744a4 dianNovais REQUISITOU todos produtos","service":"user-service","timestamp":"2024-07-31 14:12:05"}
{"level":"info","message":"o usúario 66a7905adc37cf56895744a4 dianNovais REQUISITOU todos produtos","service":"user-service","timestamp":"2024-07-31 14:17:21"}
{"level":"info","message":"o usúario 66a7905adc37cf56895744a4 dianNovais CRIOU o produto bandeja 20x20x5","service":"user-service","timestamp":"2024-07-31 14:18:33"}
{"level":"info","message":"o usúario 66a7905adc37cf56895744a4 dianNovais CRIOU o produto bandeja 20x20x4","service":"user-service","timestamp":"2024-07-31 14:18:40"}
{"level":"info","message":"carrinho do 66a7905adc37cf56895744a4 dianNovais criado com sucesso","service":"user-service","timestamp":"2024-07-31 14:25:05"}
{"level":"info","message":"o usúario 66a7905adc37cf56895744a4 dianNovais REQUISITOU todos produtos","service":"user-service","timestamp":"2024-07-31 14:28:13"}
{"level":"info","message":"o usúario 66a7905adc37cf56895744a4 dianNovais REQUISITOU todos produtos","service":"user-service","timestamp":"2024-07-31 15:33:57"}
{"level":"info","message":"carrinho do 66a7905adc37cf56895744a4 dianNovais criado com sucesso","service":"user-service","timestamp":"2024-07-31 15:35:07"}
{"level":"error","message":"ocorreu um error o carrinho do 66a7905adc37cf56895744a4 dianNovais criar um carrinho MongoServerError: E11000 duplicate key error collection: test.carts index: user_id_1 dup key: { user_id: ObjectId('66a7905adc37cf56895744a4') }","service":"user-service","timestamp":"2024-08-05 15:12:34"}
{"level":"error","message":"ocorreu um error o carrinho do 66a7905adc37cf56895744a4 dianNovais criar um carrinho MongoServerError: E11000 duplicate key error collection: test.carts index: user_id_1 dup key: { user_id: ObjectId('66a7905adc37cf56895744a4') }","service":"user-service","timestamp":"2024-08-05 15:15:20"}
{"level":"info","message":"carrinho do 66a7905adc37cf56895744a4 dianNovais criado com sucesso","service":"user-service","timestamp":"2024-08-06 14:08:10"}
{"level":"debug","message":"ocorreu um error ao fazer a REQUIÇÃO de produtos TypeError: Cannot read properties of undefined (reading 'user_id')","service":"user-service","timestamp":"2024-08-14 10:38:28"}
{"level":"debug","message":"ocorreu um error ao fazer a REQUIÇÃO de produtos TypeError: Cannot read properties of undefined (reading 'user_id')","service":"user-service","timestamp":"2024-08-14 10:38:37"}
{"level":"info","message":"o usúario 66a7905adc37cf56895744a4 dianNovais REQUISITOU todos produtos","service":"user-service","timestamp":"2024-08-14 10:43:37"}
{"level":"info","message":"o usúario 66a7905adc37cf56895744a4 dianNovais CRIOU o produto bandeja 30x20x4","service":"user-service","timestamp":"2024-08-14 11:57:38"}
{"level":"info","message":"o usúario 66a7905adc37cf56895744a4 dianNovais CRIOU o produto bandeja 30x20x4","service":"user-service","timestamp":"2024-08-15 08:21:53"}
{"level":"info","message":"o user 66a7905adc37cf56895744a4 dianNovais requisitou todos produtos do carrinho","service":"user-service","timestamp":"2024-08-15 09:26:29"}
{"level":"info","message":"o usúario 66a7905adc37cf56895744a4 dianNovais REQUISITOU todos produtos","service":"user-service","timestamp":"2024-08-15 09:27:26"}
{"level":"info","message":"o usúario 66a7905adc37cf56895744a4 dianNovais REQUISITOU todos produtos","service":"user-service","timestamp":"2024-08-15 09:32:58"}
{"level":"info","message":"o usúario 66a7905adc37cf56895744a4 dianNovais REQUISITOU todos produtos","service":"user-service","timestamp":"2024-08-15 09:38:00"}
{"level":"info","message":"o usúario 66a7905adc37cf56895744a4 dianNovais REQUISITOU todos produtos","service":"user-service","timestamp":"2024-08-15 09:39:06"}
{"level":"info","message":"o usúario 66a7905adc37cf56895744a4 dianNovais REQUISITOU todos produtos","service":"user-service","timestamp":"2024-08-15 09:40:19"}
{"level":"info","message":"o usúario 66a7905adc37cf56895744a4 dianNovais REQUISITOU todos produtos","service":"user-service","timestamp":"2024-08-15 09:40:33"}
{"level":"info","message":"o usuário 66a7905adc37cf56895744a4 dianNovais modificou um produto","service":"user-service","timestamp":"2024-08-15 10:20:34"}
{"level":"error","message":"o usuário 66a7905adc37cf56895744a4 dianNovais está enviando tipos diferentes","service":"user-service","timestamp":"2024-08-15 10:21:47"}
{"level":"info","message":"o usuário 66a7905adc37cf56895744a4 dianNovais modificou um produto","service":"user-service","timestamp":"2024-08-15 10:21:58"}
{"level":"info","message":"o usuário 66a7905adc37cf56895744a4 dianNovais modificou um produto","service":"user-service","timestamp":"2024-08-15 10:22:20"}
{"level":"info","message":"o usuário 66a7905adc37cf56895744a4 dianNovais modificou um produto","service":"user-service","timestamp":"2024-08-15 10:23:17"}
