{"level":"error","message":"o usúario 66a7905adc37cf56895744a4 dianNovais está tentando apagar um produto sem fornecer um _id","service":"user-service","timestamp":"2024-07-30 11:22:43"}
{"level":"info","message":"o usúario 66a7905adc37cf56895744a4 dianNovais REQUISITOU todos produtos","service":"user-service","timestamp":"2024-08-15 14:56:15"}
{"level":"info","message":"o user 66a7905adc37cf56895744a4 dianNovais requisitou todos produtos do carrinho","service":"user-service","timestamp":"2024-08-15 14:56:48"}
{"level":"info","message":"o user 66a7905adc37cf56895744a4 dianNovais requisitou todos produtos do carrinho","service":"user-service","timestamp":"2024-08-15 15:22:00"}
{"level":"info","message":"o user 66a7905adc37cf56895744a4 dianNovais requisitou todos produtos do carrinho","service":"user-service","timestamp":"2024-08-15 15:22:57"}
{"level":"info","message":"o user 66a7905adc37cf56895744a4 dianNovais requisitou todos produtos do carrinho","service":"user-service","timestamp":"2024-08-15 15:23:40"}
{"level":"info","message":"o user 66a7905adc37cf56895744a4 dianNovais requisitou todos produtos do carrinho","service":"user-service","timestamp":"2024-08-15 15:24:49"}
{"level":"info","message":"o user 66a7905adc37cf56895744a4 dianNovais requisitou todos produtos do carrinho","service":"user-service","timestamp":"2024-08-15 15:36:02"}
{"level":"info","message":"o user 66a7905adc37cf56895744a4 dianNovais requisitou todos produtos do carrinho","service":"user-service","timestamp":"2024-08-15 15:39:21"}
{"level":"info","message":"o user 66a7905adc37cf56895744a4 dianNovais requisitou todos produtos do carrinho","service":"user-service","timestamp":"2024-08-15 15:40:36"}
{"level":"info","message":"o user 66a7905adc37cf56895744a4 dianNovais requisitou todos produtos do carrinho","service":"user-service","timestamp":"2024-08-15 15:41:20"}
{"level":"info","message":"o user 66a7905adc37cf56895744a4 dianNovais requisitou todos produtos do carrinho","service":"user-service","timestamp":"2024-08-15 15:44:10"}
{"level":"info","message":"o user 66a7905adc37cf56895744a4 dianNovais requisitou todos produtos do carrinho","service":"user-service","timestamp":"2024-08-15 15:44:31"}
{"level":"info","message":"o user 66a7905adc37cf56895744a4 dianNovais requisitou todos produtos do carrinho","service":"user-service","timestamp":"2024-08-15 15:51:57"}
{"level":"info","message":"o user 66a7905adc37cf56895744a4 dianNovais ADICIONOU PRODUTOS","service":"user-service","timestamp":"2024-08-15 15:54:12"}
{"level":"info","message":"o user 66a7905adc37cf56895744a4 dianNovais ADICIONOU PRODUTOS","service":"user-service","timestamp":"2024-08-15 15:54:20"}
{"level":"info","message":"o user 66a7905adc37cf56895744a4 dianNovais requisitou todos produtos do carrinho","service":"user-service","timestamp":"2024-08-15 15:54:28"}
{"level":"info","message":"o user 66a7905adc37cf56895744a4 dianNovais ADICIONOU PRODUTOS","service":"user-service","timestamp":"2024-08-15 15:56:08"}
{"level":"info","message":"o user 66a7905adc37cf56895744a4 dianNovais requisitou todos produtos do carrinho","service":"user-service","timestamp":"2024-08-15 15:56:18"}
{"level":"info","message":"o user 66a7905adc37cf56895744a4 dianNovais requisitou todos produtos do carrinho","service":"user-service","timestamp":"2024-08-15 16:12:36"}
{"level":"info","message":"o user 66a7905adc37cf56895744a4 dianNovais requisitou todos produtos do carrinho","service":"user-service","timestamp":"2024-08-15 16:13:31"}
{"level":"info","message":"user dianNovais logado.","service":"user-service","timestamp":"2024-08-16 16:56:23"}
{"level":"info","message":"o user 66a7905adc37cf56895744a4 dianNovais requisitou todos produtos do carrinho","service":"user-service","timestamp":"2024-08-16 16:56:44"}
{"level":"info","message":"o user 66a7905adc37cf56895744a4 dianNovais requisitou todos produtos do carrinho","service":"user-service","timestamp":"2024-08-17 08:43:41"}
{"level":"info","message":"o user 66a7905adc37cf56895744a4 dianNovais ADICIONOU PRODUTOS","service":"user-service","timestamp":"2024-08-17 08:46:56"}
{"level":"info","message":"o user 66a7905adc37cf56895744a4 dianNovais ADICIONOU PRODUTOS","service":"user-service","timestamp":"2024-08-17 09:00:06"}
{"level":"info","message":"o user 66a7905adc37cf56895744a4 dianNovais requisitou todos produtos do carrinho","service":"user-service","timestamp":"2024-08-17 09:00:12"}
{"level":"info","message":"o user 66a7905adc37cf56895744a4 dianNovais requisitou todos produtos do carrinho","service":"user-service","timestamp":"2024-08-17 09:00:16"}
{"level":"info","message":"o user 66a7905adc37cf56895744a4 dianNovais requisitou todos produtos do carrinho","service":"user-service","timestamp":"2024-08-17 09:00:48"}
{"level":"info","message":"o user 66a7905adc37cf56895744a4 dianNovais requisitou todos produtos do carrinho","service":"user-service","timestamp":"2024-08-17 09:01:22"}
{"level":"info","message":"user dianNovais logado.","service":"user-service","timestamp":"2024-08-20 16:30:06"}
{"level":"info","message":"o user 66a7905adc37cf56895744a4 dianNovais requisitou todos produtos do carrinho","service":"user-service","timestamp":"2024-08-21 15:50:54"}
{"level":"info","message":"user dianNovais logado.","service":"user-service","timestamp":"2024-08-22 11:27:02"}
{"level":"info","message":"o user 66a7905adc37cf56895744a4 dianNovais requisitou todos produtos do carrinho","service":"user-service","timestamp":"2024-08-22 14:02:55"}
{"level":"info","message":"o user 66a7905adc37cf56895744a4 dianNovais requisitou todos produtos do carrinho","service":"user-service","timestamp":"2024-08-22 14:04:59"}
{"level":"info","message":"o user 66a7905adc37cf56895744a4 dianNovais requisitou todos produtos do carrinho","service":"user-service","timestamp":"2024-08-22 14:06:08"}
{"level":"info","message":"o user 66a7905adc37cf56895744a4 dianNovais requisitou todos produtos do carrinho","service":"user-service","timestamp":"2024-08-22 14:06:48"}
{"level":"info","message":"o user 66a7905adc37cf56895744a4 dianNovais requisitou todos produtos do carrinho","service":"user-service","timestamp":"2024-08-22 14:17:41"}
{"level":"info","message":"o user 66a7905adc37cf56895744a4 dianNovais requisitou todos produtos do carrinho","service":"user-service","timestamp":"2024-08-22 14:18:19"}
{"level":"info","message":"o user 66a7905adc37cf56895744a4 dianNovais requisitou todos produtos do carrinho","service":"user-service","timestamp":"2024-08-22 14:19:52"}
{"level":"info","message":"o user 66a7905adc37cf56895744a4 dianNovais requisitou todos produtos do carrinho","service":"user-service","timestamp":"2024-08-22 14:21:25"}
{"level":"info","message":"o user 66a7905adc37cf56895744a4 dianNovais requisitou todos produtos do carrinho","service":"user-service","timestamp":"2024-08-22 14:23:07"}
{"level":"info","message":"o user 66a7905adc37cf56895744a4 dianNovais requisitou todos produtos do carrinho","service":"user-service","timestamp":"2024-08-22 14:27:26"}
{"level":"info","message":"o user 66a7905adc37cf56895744a4 dianNovais requisitou todos produtos do carrinho","service":"user-service","timestamp":"2024-08-22 14:29:38"}
{"level":"info","message":"o user 66a7905adc37cf56895744a4 dianNovais requisitou todos produtos do carrinho","service":"user-service","timestamp":"2024-08-22 14:49:15"}
{"level":"info","message":"o user 66a7905adc37cf56895744a4 dianNovais requisitou todos produtos do carrinho","service":"user-service","timestamp":"2024-08-22 14:50:22"}
{"level":"info","message":"o user 66a7905adc37cf56895744a4 dianNovais requisitou todos produtos do carrinho","service":"user-service","timestamp":"2024-08-22 14:52:55"}
{"level":"info","message":"o user 66a7905adc37cf56895744a4 dianNovais requisitou todos produtos do carrinho","service":"user-service","timestamp":"2024-08-22 14:53:51"}
{"level":"info","message":"o user 66a7905adc37cf56895744a4 dianNovais ADICIONOU PRODUTOS","service":"user-service","timestamp":"2024-08-22 14:54:54"}
{"level":"info","message":"o user 66a7905adc37cf56895744a4 dianNovais requisitou todos produtos do carrinho","service":"user-service","timestamp":"2024-08-22 14:55:00"}
{"level":"info","message":"o user 66a7905adc37cf56895744a4 dianNovais ADICIONOU PRODUTOS","service":"user-service","timestamp":"2024-08-23 10:14:12"}
{"level":"info","message":"o user 66a7905adc37cf56895744a4 dianNovais ADICIONOU PRODUTOS","service":"user-service","timestamp":"2024-08-23 10:15:18"}
{"level":"info","message":"o user 66a7905adc37cf56895744a4 dianNovais ADICIONOU PRODUTOS","service":"user-service","timestamp":"2024-08-23 10:15:23"}
{"level":"info","message":"o user 66a7905adc37cf56895744a4 dianNovais ADICIONOU PRODUTOS","service":"user-service","timestamp":"2024-08-23 10:18:04"}
{"level":"info","message":"o user 66a7905adc37cf56895744a4 dianNovais ADICIONOU PRODUTOS","service":"user-service","timestamp":"2024-08-23 10:21:22"}
{"level":"info","message":"o user 66a7905adc37cf56895744a4 dianNovais ADICIONOU PRODUTOS","service":"user-service","timestamp":"2024-08-23 10:23:38"}
{"level":"info","message":"o user 66a7905adc37cf56895744a4 dianNovais requisitou todos produtos do carrinho","service":"user-service","timestamp":"2024-08-23 10:24:05"}
{"level":"info","message":"user dianNovais logado.","service":"user-service","timestamp":"2024-08-23 13:46:48"}
{"level":"info","message":"o user 66a7905adc37cf56895744a4 dianNovais requisitou todos produtos do carrinho","service":"user-service","timestamp":"2024-08-23 14:25:37"}
{"level":"info","message":"o user 66a7905adc37cf56895744a4 dianNovais ADICIONOU PRODUTOS","service":"user-service","timestamp":"2024-08-23 14:27:21"}
{"level":"info","message":"o user 66a7905adc37cf56895744a4 dianNovais requisitou todos produtos do carrinho","service":"user-service","timestamp":"2024-08-23 14:31:58"}
{"level":"info","message":"o usúario 66a7905adc37cf56895744a4 dianNovais REQUISITOU todos produtos","service":"user-service","timestamp":"2024-08-23 14:32:14"}
{"level":"info","message":"o user 66a7905adc37cf56895744a4 dianNovais ADICIONOU PRODUTOS","service":"user-service","timestamp":"2024-08-23 14:32:33"}
{"level":"info","message":"o usúario 66a7905adc37cf56895744a4 dianNovais REQUISITOU todos produtos","service":"user-service","timestamp":"2024-08-23 14:33:01"}
{"level":"info","message":"foi criado um novo usuário dianNovais2","service":"user-service","timestamp":"2024-08-23 14:48:54"}
{"level":"info","message":"user dianNovais logado.","service":"user-service","timestamp":"2024-08-26 14:14:35"}
